<?xml version="1.0" encoding="UTF-8"?>
<!-- Generated by org.testng.reporters.JUnitReportReporter -->
<testsuite hostname="ramu" name="ManagerTest.LoginTest" tests="2" failures="0" timestamp="2 Feb 2019 05:27:10 GMT" time="85.823" errors="0">
  <testcase name="ValidateManagerLoginWithValidEmpIdAndPassword" time="43.667" classname="ManagerTest.LoginTest"/>
  <testcase name="ValidateManagerLoginWithValidEmailIdAndPassword" time="42.156" classname="ManagerTest.LoginTest"/>
</testsuite> <!-- ManagerTest.LoginTest -->
